[woo.templately.com/elescoop/index.html]
[backblue.gif]
[fade.gif]
[index.html]
[static.live.templately.com/woocommerce/2022/11/43c0fc8e-es-hero-bg.png]
[woo.templately.com/wp-content/plugins/woocommerce/assets/css/woocommerce-layout0c46.css]
[woo.templately.com/wp-content/plugins/woocommerce/assets/css/woocommerce-smallscreen0c46.css]
[woo.templately.com/wp-content/plugins/woocommerce/assets/css/woocommerce0c46.css]
[woo.templately.com/wp-content/plugins/woocommerce/assets/css/brands0c46.css]
[woo.templately.com/wp-content/themes/flexia-flexia-2.3.1/framework/assets/site/css/style9704.css]
[woo.templately.com/wp-content/plugins/betterdocs-pro/assets/public/css/instant-answer35af.css]
[woo.templately.com/wp-content/plugins/betterdocs/assets/elementor/css/betterdocs-el-edit7bc2.css]
[woo.templately.com/wp-content/plugins/elementor/assets/css/frontend.min1c88.css]
[woo.templately.com/wp-content/plugins/elementor-pro/assets/css/widget-nav-menu.min7ac2.css]
[woo.templately.com/wp-content/plugins/elementor/assets/css/widget-heading.min1c88.css]
[woo.templately.com/wp-content/plugins/elementor/assets/css/widget-icon-list.min1c88.css]
[woo.templately.com/wp-content/plugins/elementor/assets/css/widget-social-icons.min1c88.css]
[woo.templately.com/wp-content/plugins/elementor/assets/css/conditionals/apple-webkit.min1c88.css]
[woo.templately.com/wp-content/plugins/essential-addons-for-elementor-lite/assets/front-end/css/view/general.min42c6.css]
[woo.templately.com/wp-content/uploads/essential-addons-elementor/eael-248095c10.css]
[woo.templately.com/wp-content/plugins/elementor/assets/lib/eicons/css/elementor-icons.min705c.css]
[woo.templately.com/wp-content/uploads/elementor/css/post-118141.css]
[woo.templately.com/wp-content/plugins/elementor/assets/css/widget-star-rating.min1c88.css]
[woo.templately.com/wp-content/plugins/elementor/assets/lib/animations/styles/headShake.min1c88.css]
[woo.templately.com/wp-content/plugins/elementor/assets/css/widget-spacer.min1c88.css]
[woo.templately.com/wp-content/uploads/elementor/css/post-248091e52.css]
[woo.templately.com/wp-content/uploads/elementor/css/post-260991e52.css]
[woo.templately.com/wp-content/uploads/elementor/css/post-261151e52.css]
[woo.templately.com/wp-content/plugins/elementor/assets/lib/font-awesome/css/all.min42c6.css]
[woo.templately.com/wp-content/plugins/elementor/assets/lib/font-awesome/css/v4-shims.min42c6.css]
[woo.templately.com/wp-content/plugins/elementor/assets/lib/font-awesome/css/fontawesome.min52d5.css]
[woo.templately.com/wp-content/plugins/elementor/assets/lib/font-awesome/css/solid.min52d5.css]
[woo.templately.com/wp-content/plugins/elementor/assets/lib/font-awesome/css/brands.min52d5.css]
[woo.templately.com/wp-includes/js/jquery/jquery.minf43b.js]
[woo.templately.com/wp-includes/js/jquery/jquery-migrate.min5589.js]
[woo.templately.com/wp-content/plugins/svg-support/vendor/DOMPurify/DOMPurify.minf269.js]
[woo.templately.com/wp-content/plugins/svg-support/js/min/svgs-inline-mined42.js]
[woo.templately.com/wp-content/plugins/woocommerce/assets/js/jquery-blockui/jquery.blockUI.min22b2.js]
[woo.templately.com/wp-content/plugins/woocommerce/assets/js/frontend/add-to-cart.min0c46.js]
[woo.templately.com/wp-content/plugins/woocommerce/assets/js/js-cookie/js.cookie.mineaec.js]
[woo.templately.com/wp-content/plugins/woocommerce/assets/js/frontend/woocommerce.min0c46.js]
[woo.templately.com/wp-content/plugins/elementor/assets/lib/font-awesome/js/v4-shims.min42c6.js]
[static.live.templately.com/woocommerce/2021/05/android-chrome-192x192-1-100x100.png]
[static.live.templately.com/woocommerce/2021/05/android-chrome-192x192-1.png]
[static.live.templately.com/woocommerce/2022/11/c51c3d0d-elescoop.png]
[static.live.templately.com/woocommerce/2022/11/091a3d80-es-hero-object-01.png]
[woo.templately.com/elescoop/products/index.html]
[static.live.templately.com/woocommerce/2022/11/bd5cc27f-es-hero-object-02.png]
[woo.templately.com/elescoop/product-details/index.html]
[woo.templately.com/elescoop/cart-page/index.html]
[static.live.templately.com/woocommerce/2022/11/6f0410f2-es-hero-object-06.png]
[static.live.templately.com/woocommerce/2022/11/d9d8cfc1-es-object-1.png]
[woo.templately.com/elescoop/checkout/index.html]
[static.live.templately.com/woocommerce/2022/11/495548ab-es-object-2.png]
[static.live.templately.com/woocommerce/2022/11/8e7c7fe3-es-hero-object-03.png]
[static.live.templately.com/woocommerce/2022/11/8e27ae9a-es-hero-object-04.png]
[static.live.templately.com/woocommerce/2022/11/e55f6f55-es-corn-1.png]
[static.live.templately.com/woocommerce/2022/11/c0dab500-es-corn-2.png]
[static.live.templately.com/woocommerce/2022/11/d4feecac-es-hero-object-05.png]
[static.live.templately.com/woocommerce/2022/11/a415ee49-es-rectangle-7.png]
[static.live.templately.com/woocommerce/2022/11/a7358f96-es-avater01.png]
[woo.templately.com/elescoop/index9f55.html]
[static.live.templately.com/woocommerce/2022/11/3415b301-rs-object-icecream.png]
[woo.templately.com/elescoop/indexd157.html]
[static.live.templately.com/woocommerce/2022/11/62cdcb78-rs-object-icecream01.png]
[static.live.templately.com/woocommerce/2022/11/63e19461-es-product-01.png]
[static.live.templately.com/woocommerce/2022/11/d5f79e1e-re-product-002.png]
[static.live.templately.com/woocommerce/2022/11/907a5b23-es-product-03.png]
[static.live.templately.com/woocommerce/2022/11/a028d0eb-es-product-04.png]
[woo.templately.com/elescoop/index123f.html]
[woo.templately.com/elescoop/indexd3c5.html]
[woo.templately.com/elescoop/indexd20d.html]
[static.live.templately.com/woocommerce/2022/11/68aa15c0-es-product-05.png]
[static.live.templately.com/woocommerce/2022/11/354cb7a4-es-product-06.png]
[woo.templately.com/elescoop/index7e38.html]
[woo.templately.com/wp-content/plugins/woocommerce/assets/client/blocks/wc-blocksfbdf.css]
[woo.templately.com/elescoop/indexf24e.html]
[woo.templately.com/wp-content/plugins/fluentform/assets/css/fluent-forms-elementor-widget251f.css]
[woo.templately.com/wp-content/plugins/elementor-pro/assets/css/modules/motion-fx.min7ac2.css]
[woo.templately.com/wp-content/plugins/woocommerce/assets/css/photoswipe/photoswipe.min0c46.css]
[woo.templately.com/wp-content/plugins/woocommerce/assets/css/photoswipe/default-skin/default-skin.min0c46.css]
[woo.templately.com/wp-includes/js/imagesloaded.minbb93.js]
[woo.templately.com/wp-includes/js/masonry.min3a05.js]
[woo.templately.com/elescoop/index6a18.html]
[woo.templately.com/wp-content/plugins/betterdocs/assets/blocks/categorygrid/frontend136b.js]
[woo.templately.com/wp-includes/js/dist/vendor/react.mincb06.js]
[woo.templately.com/wp-includes/js/dist/vendor/react-dom.mincb06.js]
[woo.templately.com/wp-includes/js/dist/hooks.min4fdd.js]
[woo.templately.com/wp-includes/js/dist/i18n.minc33c.js]
[woo.templately.com/wp-content/plugins/betterdocs-pro/assets/public/js/extend-search-modal7953.js]
[woo.templately.com/wp-content/plugins/betterdocs/assets/shortcodes/js/search-modal5db4.js]
[woo.templately.com/wp-content/themes/flexia-flexia-2.3.1/framework/assets/site/js/flexia-scripts.min9704.js]
[woo.templately.com/wp-includes/js/dist/vendor/wp-polyfill.min2c7c.js]
[woo.templately.com/wp-includes/js/dist/url.min9481.js]
[woo.templately.com/wp-includes/js/dist/api-fetch.min53e9.js]
[woo.templately.com/wp-includes/js/dist/escape-html.min3a9d.js]
[woo.templately.com/wp-includes/js/dist/element.min1596.js]
[woo.templately.com/wp-includes/js/dist/html-entities.min5b55.js]
[woo.templately.com/wp-content/plugins/betterdocs-pro/assets/public/js/instant-answer3ce2.js]
[woo.templately.com/wp-content/plugins/elementor-pro/assets/lib/smartmenus/jquery.smartmenus.min1576.js]
[woo.templately.com/wp-content/plugins/essential-addons-for-elementor-lite/assets/front-end/js/view/general.min42c6.js]
[woo.templately.com/wp-content/uploads/essential-addons-elementor/eael-248095c10.js]
[woo.templately.com/wp-content/plugins/woocommerce/assets/js/sourcebuster/sourcebuster.min0c46.js]
[woo.templately.com/wp-content/plugins/woocommerce/assets/js/frontend/order-attribution.min0c46.js]
[woo.templately.com/wp-content/plugins/elementor-pro/assets/js/webpack-pro.runtime.min7ac2.js]
[woo.templately.com/wp-content/plugins/elementor/assets/js/webpack.runtime.min1c88.js]
[woo.templately.com/wp-content/plugins/elementor/assets/js/frontend-modules.min1c88.js]
[woo.templately.com/wp-content/plugins/elementor-pro/assets/js/frontend.min7ac2.js]
[woo.templately.com/wp-includes/js/jquery/ui/core.minb37e.js]
[woo.templately.com/wp-content/plugins/elementor/assets/js/frontend.min1c88.js]
[woo.templately.com/wp-content/plugins/elementor-pro/assets/js/elements-handlers.min7ac2.js]
[woo.templately.com/wp-content/plugins/woocommerce/assets/js/zoom/jquery.zoom.min30d3.js]
[woo.templately.com/wp-content/plugins/woocommerce/assets/js/flexslider/jquery.flexslider.min4588.js]
[woo.templately.com/wp-content/plugins/woocommerce/assets/js/photoswipe/photoswipe.min9c28.js]
[woo.templately.com/wp-content/plugins/woocommerce/assets/js/photoswipe/photoswipe-ui-default.min9c28.js]
[woo.templately.com/wp-includes/js/underscore.min3ab8.js]
[woo.templately.com/wp-includes/js/wp-util.min9704.js]
[woo.templately.com/wp-content/plugins/woocommerce/assets/js/frontend/add-to-cart-variation.min0c46.js]
[woo.templately.com/elescoop/index.html]
[woo.templately.com/wp-content/plugins/svg-support/css/svgs-attachmented42.css]
[woo.templately.com/wp-content/plugins/woocommerce/assets/css/woocommerce-layout0c46.css]
[woo.templately.com/wp-content/plugins/woocommerce/assets/css/woocommerce-smallscreen0c46.css]
[woo.templately.com/wp-content/plugins/woocommerce/assets/css/woocommerce0c46.css]
[woo.templately.com/wp-content/plugins/woocommerce/assets/css/brands0c46.css]
[woo.templately.com/wp-content/plugins/woocommerce/assets/js/frontend/single-product.min0c46.js]
[woo.templately.com/wp-content/themes/flexia-flexia-2.3.1/framework/assets/site/css/style9704.css]
[woo.templately.com/wp-content/plugins/betterdocs-pro/assets/public/images/HeaderBg.03a08e0c.png]
[woo.templately.com/wp-content/plugins/betterdocs-pro/assets/public/css/instant-answer35af.css]
[woo.templately.com/wp-content/plugins/betterdocs/assets/elementor/css/betterdocs-el-edit7bc2.css]
[woo.templately.com/wp-content/plugins/elementor/assets/css/frontend.min1c88.css]
[woo.templately.com/wp-content/plugins/elementor/assets/css/widget-image.min1c88.css]
[woo.templately.com/wp-content/plugins/elementor-pro/assets/css/widget-nav-menu.min7ac2.css]
[woo.templately.com/wp-content/plugins/elementor/assets/css/widget-heading.min1c88.css]
[woo.templately.com/wp-content/plugins/elementor/assets/css/widget-icon-list.min1c88.css]
[woo.templately.com/wp-content/plugins/elementor/assets/css/widget-social-icons.min1c88.css]
[woo.templately.com/wp-content/plugins/elementor/assets/css/conditionals/apple-webkit.min1c88.css]
[woo.templately.com/wp-content/plugins/essential-addons-for-elementor-lite/assets/front-end/css/view/general.min42c6.css]
[woo.templately.com/wp-admin/images/spinner.gif]
[woo.templately.com/wp-content/uploads/essential-addons-elementor/eael-248095c10.css]
[woo.templately.com/wp-content/plugins/elementor/assets/lib/eicons/css/elementor-icons.min705c.css]
[woo.templately.com/wp-content/uploads/elementor/css/post-118141.css]
[woo.templately.com/wp-content/plugins/elementor/assets/css/widget-star-rating.min1c88.css]
[woo.templately.com/wp-content/plugins/elementor/assets/lib/animations/styles/headShake.min1c88.css]
[woo.templately.com/wp-content/plugins/elementor/assets/css/widget-spacer.min1c88.css]
[woo.templately.com/wp-content/plugins/elementor/assets/lib/animations/styles/fadeInUp.min1c88.css]
[woo.templately.com/wp-content/plugins/elementor/assets/lib/animations/styles/zoomIn.min1c88.css]
[woo.templately.com/wp-content/plugins/elementor/assets/lib/animations/styles/rotateIn.min1c88.css]
[woo.templately.com/wp-content/plugins/elementor/assets/lib/animations/styles/fadeInLeft.min1c88.css]
[static.live.templately.com/woocommerce/2022/11/3966049a-es-offer-bg.png]
[woo.templately.com/wp-content/uploads/elementor/css/post-248091e52.css]
[static.live.templately.com/woocommerce/2022/11/36b2c85c-es-header-wrapper-bg.png]
[static.live.templately.com/woocommerce/2022/11/989c8d95-es-hamburger.png]
[woo.templately.com/wp-content/uploads/elementor/css/post-260991e52.css]
[woo.templately.com/wp-content/uploads/elementor/css/post-261151e52.css]
[woo.templately.com/wp-content/plugins/elementor/assets/lib/font-awesome/css/all.min42c6.css]
[woo.templately.com/wp-content/plugins/elementor/assets/lib/font-awesome/css/v4-shims.min42c6.css]
[woo.templately.com/wp-content/plugins/elementor/assets/lib/font-awesome/css/fontawesome.min52d5.css]
[woo.templately.com/wp-content/plugins/elementor/assets/lib/font-awesome/css/solid.min52d5.css]
[woo.templately.com/wp-content/plugins/elementor/assets/lib/font-awesome/css/brands.min52d5.css]
[woo.templately.com/wp-content/uploads/essential-addons-elementor/eael-24814c7b9.css]
[woo.templately.com/wp-content/uploads/elementor/css/post-248140631.css]
[woo.templately.com/elescoop/products/index123f.html]
[woo.templately.com/elescoop/products/index7e38.html]
[woo.templately.com/elescoop/products/indexd20d.html]
[woo.templately.com/elescoop/products/indexd3c5.html]
[woo.templately.com/elescoop/products/index.html]
[woo.templately.com/wp-content/uploads/essential-addons-elementor/eael-24814c7b9.js]
[woo.templately.com/elescoop/products/indexf24e.html]
[woo.templately.com/elescoop/products/index6a18.html]
[woo.templately.com/elescoop/products/index2d2d.html]
[static.live.templately.com/woocommerce/2022/11/2a028598-rs-rectangle-045.png]
[woo.templately.com/elescoop/products/index514b.html]
[woo.templately.com/elescoop/products/indexf47d.html]
[woo.templately.com/elescoop/products/index9f55.html]
[woo.templately.com/wp-content/uploads/essential-addons-elementor/eael-24816aaaa.css]
[woo.templately.com/elescoop/products/indexd157.html]
[woo.templately.com/wp-content/uploads/elementor/css/post-248165056.css]
[woo.templately.com/wp-content/plugins/elementor/assets/lib/font-awesome/css/regular.min52d5.css]
[woo.templately.com/elescoop/product-details/index.html]
[woo.templately.com/wp-content/uploads/essential-addons-elementor/eael-24816aaaa.js]
[woo.templately.com/elescoop/product-details/index9f55.html]
[woo.templately.com/elescoop/product-details/indexd157.html]
[woo.templately.com/wp-content/uploads/essential-addons-elementor/eael-248195f05.css]
[woo.templately.com/wp-content/uploads/elementor/css/post-248197d38.css]
[woo.templately.com/elescoop/cart-page/index.html]
[woo.templately.com/wp-content/uploads/essential-addons-elementor/eael-248195f05.js]
[woo.templately.com/wp-content/uploads/essential-addons-elementor/eael-24821e53c.css]
[woo.templately.com/wp-content/uploads/elementor/css/post-24821dfc4.css]
[woo.templately.com/elescoop/checkout/index.html]
[woo.templately.com/elescoop/index9f55.html]
[woo.templately.com/elescoop/woocommerce/2022/11/c0dab500-es-corn-2.html]
[woo.templately.com/elescoop/indexd157.html]
[woo.templately.com/elescoop/index123f.html]
[woo.templately.com/elescoop/indexd3c5.html]
[woo.templately.com/elescoop/indexd20d.html]
[woo.templately.com/elescoop/index7e38.html]
[woo.templately.com/elescoop/indexf24e.html]
[woo.templately.com/elescoop/index6a18.html]
[woo.templately.com/elescoop/woocommerce/2022/11/c51c3d0d-elescoop.html]
[woo.templately.com/wp-content/plugins/woocommerce/assets/client/blocks/wc-blocksfbdf.css]
[woo.templately.com/wp-content/plugins/fluentform/assets/css/fluent-forms-elementor-widget251f.css]
[woo.templately.com/wp-content/plugins/elementor-pro/assets/css/modules/motion-fx.min7ac2.css]
[woo.templately.com/wp-content/uploads/essential-addons-elementor/eael-24821e53c.js]
[woo.templately.com/wp-content/plugins/woocommerce/assets/css/photoswipe/default-skin/default-skin.png]
[woo.templately.com/wp-content/plugins/woocommerce/assets/css/photoswipe/photoswipe.min0c46.css]
[woo.templately.com/wp-content/plugins/woocommerce/assets/css/photoswipe/default-skin/default-skin.svg]
[woo.templately.com/wp-content/plugins/woocommerce/assets/css/photoswipe/default-skin/preloader.gif]
[woo.templately.com/wp-content/plugins/woocommerce/assets/css/photoswipe/default-skin/default-skin.min0c46.css]
[woo.templately.com/wp-content/themes/flexia-flexia-2.3.1/framework/assets/site/img/icons/icon-angle-down.html]
[woo.templately.com/wp-content/uploads/essential-addons-elementor/eael-24814c7b9.css]
[woo.templately.com/wp-content/uploads/elementor/css/post-248140631.css]
[woo.templately.com/elescoop/products/index123f.html]
[woo.templately.com/elescoop/products/indexd3c5.html]
[woo.templately.com/elescoop/products/indexd20d.html]
[woo.templately.com/elescoop/products/index7e38.html]
[woo.templately.com/elescoop/products/indexf24e.html]
[woo.templately.com/elescoop/products/index6a18.html]
[woo.templately.com/elescoop/products/index2d2d.html]
[woo.templately.com/elescoop/products/index514b.html]
[woo.templately.com/elescoop/products/indexf47d.html]
[woo.templately.com/elescoop/products/index9f55.html]
[woo.templately.com/elescoop/products/woocommerce/2022/11/c0dab500-es-corn-2.html]
[woo.templately.com/elescoop/products/indexd157.html]
[woo.templately.com/elescoop/products/woocommerce/2022/11/c51c3d0d-elescoop.html]
[woo.templately.com/wp-content/uploads/essential-addons-elementor/eael-24816aaaa.css]
[woo.templately.com/wp-content/plugins/elementor/assets/lib/animations/styles/fadeInRight.min1c88.css]
[woo.templately.com/wp-content/uploads/elementor/css/post-248165056.css]
[woo.templately.com/wp-content/plugins/elementor/assets/lib/font-awesome/css/regular.min52d5.css]
[woo.templately.com/elescoop/product-details/index9f55.html]
[woo.templately.com/elescoop/product-details/woocommerce/2022/11/c0dab500-es-corn-2.html]
[woo.templately.com/elescoop/product-details/indexd157.html]
[woo.templately.com/elescoop/product-details/woocommerce/2022/11/c51c3d0d-elescoop.html]
[woo.templately.com/wp-content/uploads/essential-addons-elementor/eael-248195f05.css]
[woo.templately.com/wp-content/uploads/elementor/css/post-248197d38.css]
[woo.templately.com/elescoop/cart-page/woocommerce/2022/11/c51c3d0d-elescoop.html]
[woo.templately.com/wp-content/uploads/essential-addons-elementor/eael-24821e53c.css]
[woo.templately.com/wp-content/uploads/elementor/css/post-24821dfc4.css]
[woo.templately.com/elescoop/checkout/woocommerce/2022/11/c51c3d0d-elescoop.html]
[woo.templately.com/wp-content/plugins/woocommerce/assets/css/photoswipe/default-skin/default-skin.svg]
